TN:
SF:src/middleware/auth.js
FN:14,(anonymous_0)
FN:25,(anonymous_1)
FN:45,(anonymous_2)
FN:105,(anonymous_3)
FN:106,(anonymous_4)
FN:137,(anonymous_5)
FN:189,(anonymous_6)
FN:215,(anonymous_7)
FN:220,(anonymous_8)
FNF:9
FNH:0
FNDA:0,(anonymous_0)
FNDA:0,(anonymous_1)
FNDA:0,(anonymous_2)
FNDA:0,(anonymous_3)
FNDA:0,(anonymous_4)
FNDA:0,(anonymous_5)
FNDA:0,(anonymous_6)
FNDA:0,(anonymous_7)
FNDA:0,(anonymous_8)
DA:5,0
DA:14,0
DA:15,0
DA:16,0
DA:18,0
DA:19,0
DA:25,0
DA:26,0
DA:27,0
DA:33,0
DA:39,0
DA:40,0
DA:45,0
DA:46,0
DA:48,0
DA:49,0
DA:55,0
DA:57,0
DA:58,0
DA:59,0
DA:66,0
DA:67,0
DA:69,0
DA:70,0
DA:75,0
DA:81,0
DA:83,0
DA:84,0
DA:90,0
DA:96,0
DA:101,0
DA:105,0
DA:106,0
DA:107,0
DA:108,0
DA:114,0
DA:116,0
DA:117,0
DA:124,0
DA:132,0
DA:137,0
DA:138,0
DA:139,0
DA:141,0
DA:142,0
DA:149,0
DA:150,0
DA:151,0
DA:153,0
DA:154,0
DA:161,0
DA:162,0
DA:167,0
DA:169,0
DA:173,0
DA:179,0
DA:185,0
DA:189,0
DA:190,0
DA:192,0
DA:193,0
DA:196,0
DA:198,0
DA:199,0
DA:205,0
DA:211,0
DA:215,0
DA:216,0
DA:220,0
DA:221,0
LF:70
LH:0
BRDA:16,0,0,0
BRDA:16,0,1,0
BRDA:18,1,0,0
BRDA:18,1,1,0
BRDA:26,2,0,0
BRDA:26,2,1,0
BRDA:46,3,0,0
BRDA:46,3,1,0
BRDA:48,4,0,0
BRDA:48,4,1,0
BRDA:57,5,0,0
BRDA:57,5,1,0
BRDA:69,6,0,0
BRDA:69,6,1,0
BRDA:83,7,0,0
BRDA:83,7,1,0
BRDA:107,8,0,0
BRDA:107,8,1,0
BRDA:116,9,0,0
BRDA:116,9,1,0
BRDA:141,10,0,0
BRDA:141,10,1,0
BRDA:141,11,0,0
BRDA:141,11,1,0
BRDA:153,12,0,0
BRDA:153,12,1,0
BRDA:169,13,0,0
BRDA:169,13,1,0
BRDA:190,14,0,0
BRDA:190,14,1,0
BRDA:192,15,0,0
BRDA:192,15,1,0
BRDA:196,16,0,0
BRDA:196,16,1,0
BRDA:198,17,0,0
BRDA:198,17,1,0
BRDA:215,18,0,0
BRF:37
BRH:0
end_of_record
TN:
SF:src/middleware/validation.js
FN:141,(anonymous_0)
FN:145,(anonymous_1)
FN:162,(anonymous_2)
FN:163,(anonymous_3)
FN:170,(anonymous_4)
FN:190,(anonymous_5)
FN:195,(anonymous_6)
FN:200,(anonymous_7)
FNF:8
FNH:0
FNDA:0,(anonymous_0)
FNDA:0,(anonymous_1)
FNDA:0,(anonymous_2)
FNDA:0,(anonymous_3)
FNDA:0,(anonymous_4)
FNDA:0,(anonymous_5)
FNDA:0,(anonymous_6)
FNDA:0,(anonymous_7)
DA:5,0
DA:17,0
DA:27,0
DA:74,0
DA:104,0
DA:110,0
DA:128,0
DA:141,0
DA:142,0
DA:144,0
DA:145,0
DA:151,0
DA:158,0
DA:162,0
DA:163,0
DA:164,0
DA:169,0
DA:170,0
DA:176,0
DA:183,0
DA:184,0
DA:189,0
DA:191,0
DA:192,0
DA:196,0
DA:197,0
DA:201,0
DA:202,0
LF:28
LH:0
BRDA:144,0,0,0
BRDA:144,0,1,0
BRDA:146,1,0,0
BRDA:146,1,1,0
BRDA:169,2,0,0
BRDA:169,2,1,0
BRDA:191,3,0,0
BRDA:191,3,1,0
BRDA:196,4,0,0
BRDA:196,4,1,0
BRDA:201,5,0,0
BRDA:201,5,1,0
BRF:12
BRH:0
end_of_record
TN:
SF:src/routes/attendance.js
FN:16,(anonymous_0)
FN:38,(anonymous_1)
FN:145,(anonymous_2)
FN:189,(anonymous_3)
FNF:4
FNH:0
FNDA:0,(anonymous_0)
FNDA:0,(anonymous_1)
FNDA:0,(anonymous_2)
FNDA:0,(anonymous_3)
DA:4,0
DA:7,0
DA:8,0
DA:10,0
DA:13,0
DA:16,0
DA:17,0
DA:18,0
DA:20,0
DA:21,0
DA:27,0
DA:28,0
DA:34,0
DA:38,0
DA:39,0
DA:40,0
DA:49,0
DA:52,0
DA:53,0
DA:59,0
DA:60,0
DA:67,0
DA:69,0
DA:70,0
DA:76,0
DA:77,0
DA:79,0
DA:82,0
DA:83,0
DA:89,0
DA:90,0
DA:92,0
DA:95,0
DA:96,0
DA:103,0
DA:117,0
DA:118,0
DA:121,0
DA:123,0
DA:135,0
DA:136,0
DA:145,0
DA:146,0
DA:147,0
DA:149,0
DA:158,0
DA:159,0
DA:162,0
DA:163,0
DA:166,0
DA:168,0
DA:169,0
DA:172,0
DA:179,0
DA:180,0
DA:189,0
DA:190,0
LF:57
LH:0
BRDA:7,0,0,0
BRDA:7,0,1,0
BRDA:8,1,0,0
BRDA:8,1,1,0
BRDA:13,2,0,0
BRDA:13,2,1,0
BRDA:18,3,0,0
BRDA:18,3,1,0
BRDA:20,4,0,0
BRDA:20,4,1,0
BRDA:27,5,0,0
BRDA:27,5,1,0
BRDA:52,6,0,0
BRDA:52,6,1,0
BRDA:52,7,0,0
BRDA:52,7,1,0
BRDA:59,8,0,0
BRDA:59,8,1,0
BRDA:69,9,0,0
BRDA:69,9,1,0
BRDA:76,10,0,0
BRDA:76,10,1,0
BRDA:76,11,0,0
BRDA:76,11,1,0
BRDA:82,12,0,0
BRDA:82,12,1,0
BRDA:82,13,0,0
BRDA:82,13,1,0
BRDA:89,14,0,0
BRDA:89,14,1,0
BRDA:89,15,0,0
BRDA:89,15,1,0
BRDA:95,16,0,0
BRDA:95,16,1,0
BRDA:108,17,0,0
BRDA:108,17,1,0
BRDA:109,18,0,0
BRDA:109,18,1,0
BRDA:111,19,0,0
BRDA:111,19,1,0
BRDA:117,20,0,0
BRDA:117,20,1,0
BRDA:130,21,0,0
BRDA:130,21,1,0
BRDA:147,22,0,0
BRDA:158,23,0,0
BRDA:158,23,1,0
BRDA:162,24,0,0
BRDA:162,24,1,0
BRDA:168,25,0,0
BRDA:168,25,1,0
BRDA:174,26,0,0
BRDA:174,26,1,0
BRDA:175,27,0,0
BRDA:175,27,1,0
BRF:55
BRH:0
end_of_record
TN:
SF:src/routes/employees.js
FN:13,(anonymous_0)
FN:55,(anonymous_1)
FN:91,(anonymous_2)
FN:97,(anonymous_3)
FN:151,(anonymous_4)
FN:197,(anonymous_5)
FN:226,(anonymous_6)
FNF:7
FNH:0
FNDA:0,(anonymous_0)
FNDA:0,(anonymous_1)
FNDA:0,(anonymous_2)
FNDA:0,(anonymous_3)
FNDA:0,(anonymous_4)
FNDA:0,(anonymous_5)
FNDA:0,(anonymous_6)
DA:4,0
DA:7,0
DA:8,0
DA:10,0
DA:13,0
DA:14,0
DA:15,0
DA:17,0
DA:23,0
DA:24,0
DA:27,0
DA:29,0
DA:30,0
DA:33,0
DA:45,0
DA:46,0
DA:55,0
DA:56,0
DA:57,0
DA:59,0
DA:65,0
DA:66,0
DA:67,0
DA:72,0
DA:75,0
DA:81,0
DA:82,0
DA:91,0
DA:92,0
DA:93,0
DA:96,0
DA:97,0
DA:99,0
DA:100,0
DA:107,0
DA:113,0
DA:114,0
DA:121,0
DA:130,0
DA:131,0
DA:134,0
DA:141,0
DA:142,0
DA:151,0
DA:152,0
DA:153,0
DA:154,0
DA:157,0
DA:158,0
DA:160,0
DA:170,0
DA:171,0
DA:172,0
DA:177,0
DA:180,0
DA:187,0
DA:188,0
DA:197,0
DA:198,0
DA:199,0
DA:201,0
DA:206,0
DA:207,0
DA:210,0
DA:216,0
DA:217,0
DA:226,0
DA:227,0
DA:228,0
DA:230,0
DA:231,0
DA:237,0
DA:243,0
DA:244,0
DA:246,0
DA:252,0
DA:254,0
DA:261,0
DA:264,0
DA:270,0
DA:273,0
DA:280,0
DA:287,0
DA:288,0
LF:84
LH:0
BRDA:7,0,0,0
BRDA:7,0,1,0
BRDA:8,1,0,0
BRDA:8,1,1,0
BRDA:15,2,0,0
BRDA:15,3,0,0
BRDA:23,4,0,0
BRDA:23,4,1,0
BRDA:29,5,0,0
BRDA:29,5,1,0
BRDA:35,6,0,0
BRDA:35,6,1,0
BRDA:65,7,0,0
BRDA:65,7,1,0
BRDA:66,8,0,0
BRDA:66,8,1,0
BRDA:99,9,0,0
BRDA:99,9,1,0
BRDA:113,10,0,0
BRDA:113,10,1,0
BRDA:130,11,0,0
BRDA:130,11,1,0
BRDA:170,12,0,0
BRDA:170,12,1,0
BRDA:171,13,0,0
BRDA:171,13,1,0
BRDA:206,14,0,0
BRDA:206,14,1,0
BRDA:230,15,0,0
BRDA:230,15,1,0
BRDA:252,16,0,0
BRDA:252,16,1,0
BRDA:274,17,0,0
BRDA:274,17,1,0
BRF:34
BRH:0
end_of_record
